-------------------------------------------------------------------------------
Test set: com.bishal.test.mvn.AppTest
-------------------------------------------------------------------------------
Tests run: 1, Failures: 1, Errors: 0, Skipped: 0, Time elapsed: 0.037 s <<< FAILURE! - in com.bishal.test.mvn.AppTest
shouldAnswerWithTrue(com.bishal.test.mvn.AppTest)  Time elapsed: 0.016 s  <<< FAILURE!
java.lang.AssertionError
	at com.bishal.test.mvn.AppTest.shouldAnswerWithTrue(AppTest.java:18)

